0 info it worked if it ends with ok
1 verbose cli [ '/usr/bin/node', '/usr/bin/npm', 'install', 'captchagen' ]
2 info using npm@2.6.0
3 info using node@v0.12.0
4 warn package.json karma-chrome-launcher@0.1.7 No README data
5 warn package.json karma-firefox-launcher@0.1.4 No README data
6 warn package.json karma-phantomjs-launcher@0.1.4 No README data
7 warn package.json karma-coffee-preprocessor@0.2.1 No README data
8 silly cache add args [ 'captchagen', null ]
9 verbose cache add spec captchagen
10 silly cache add parsed spec { raw: 'captchagen',
10 silly cache add   scope: null,
10 silly cache add   name: 'captchagen',
10 silly cache add   rawSpec: '',
10 silly cache add   spec: '*',
10 silly cache add   type: 'range' }
11 verbose addNamed captchagen@*
12 silly addNamed semver.valid null
13 silly addNamed semver.validRange *
14 silly addNameRange { name: 'captchagen', range: '*', hasData: false }
15 silly mapToRegistry name captchagen
16 silly mapToRegistry using default registry
17 silly mapToRegistry registry https://registry.npmjs.org/
18 silly mapToRegistry uri https://registry.npmjs.org/captchagen
19 verbose addNameRange registry:https://registry.npmjs.org/captchagen not in flight; fetching
20 verbose request uri https://registry.npmjs.org/captchagen
21 verbose request no auth needed
22 info attempt registry request try #1 at 17:18:07
23 verbose request id b37b77b42da1da84
24 http request GET https://registry.npmjs.org/captchagen
25 http 200 https://registry.npmjs.org/captchagen
26 silly get cb [ 200,
26 silly get   { date: 'Wed, 11 Mar 2015 16:18:08 GMT',
26 silly get     server: 'CouchDB/1.6.1 (Erlang OTP/R14B04)',
26 silly get     etag: '"5NTGW3XJCOS14PNJJVABPI983"',
26 silly get     'content-type': 'application/json',
26 silly get     'cache-control': 'max-age=60',
26 silly get     'content-length': '16528',
26 silly get     'accept-ranges': 'bytes',
26 silly get     via: '1.1 varnish',
26 silly get     age: '0',
26 silly get     'x-served-by': 'cache-fra1234-FRA',
26 silly get     'x-cache': 'MISS',
26 silly get     'x-cache-hits': '0',
26 silly get     'x-timer': 'S1426090687.851800,VS0,VE207',
26 silly get     vary: 'Accept',
26 silly get     'keep-alive': 'timeout=10, max=50',
26 silly get     connection: 'Keep-Alive' } ]
27 verbose get saving captchagen to /home/achille/.npm/registry.npmjs.org/captchagen/.cache.json
28 silly addNameRange number 2 { name: 'captchagen', range: '*', hasData: true }
29 silly addNameRange versions [ 'captchagen', [ '0.0.1', '0.0.2', '1.0.0', '1.1.0' ] ]
30 verbose addNamed captchagen@1.1.0
31 silly addNamed semver.valid 1.1.0
32 silly addNamed semver.validRange 1.1.0
33 silly mapToRegistry name captchagen
34 silly mapToRegistry using default registry
35 silly mapToRegistry registry https://registry.npmjs.org/
36 silly mapToRegistry uri https://registry.npmjs.org/captchagen
37 verbose addRemoteTarball https://registry.npmjs.org/captchagen/-/captchagen-1.1.0.tgz not in flight; adding
38 verbose addRemoteTarball [ 'https://registry.npmjs.org/captchagen/-/captchagen-1.1.0.tgz',
38 verbose addRemoteTarball   'fa7c57c908e19b23d13c5852dcffe32cfefafd1e' ]
39 info retry fetch attempt 1 at 17:18:08
40 info attempt registry request try #1 at 17:18:08
41 http fetch GET https://registry.npmjs.org/captchagen/-/captchagen-1.1.0.tgz
42 http fetch 200 https://registry.npmjs.org/captchagen/-/captchagen-1.1.0.tgz
43 silly fetchAndShaCheck shasum fa7c57c908e19b23d13c5852dcffe32cfefafd1e
44 verbose addTmpTarball /tmp/npm-2050-a63c2c21/registry.npmjs.org/captchagen/-/captchagen-1.1.0.tgz not in flight; adding
45 verbose addTmpTarball already have metadata; skipping unpack for captchagen@1.1.0
46 silly cache afterAdd captchagen@1.1.0
47 verbose afterAdd /home/achille/.npm/captchagen/1.1.0/package/package.json not in flight; writing
48 verbose afterAdd /home/achille/.npm/captchagen/1.1.0/package/package.json written
49 silly install resolved [ { name: 'captchagen',
49 silly install resolved     description: 'Captcha generator',
49 silly install resolved     version: '1.1.0',
49 silly install resolved     homepage: 'http://github.com/wearefractal/captchagen',
49 silly install resolved     repository:
49 silly install resolved      { type: 'git',
49 silly install resolved        url: 'git://github.com/wearefractal/captchagen.git' },
49 silly install resolved     author:
49 silly install resolved      { name: 'Fractal',
49 silly install resolved        email: 'contact@wearefractal.com',
49 silly install resolved        url: 'http://wearefractal.com/' },
49 silly install resolved     main: './index.js',
49 silly install resolved     dependencies: { canvas: '*' },
49 silly install resolved     devDependencies: { mocha: '*', should: '*' },
49 silly install resolved     scripts: { test: 'mocha --reporter spec' },
49 silly install resolved     engines: { node: '>=0.6' },
49 silly install resolved     licenses: [ [Object] ],
49 silly install resolved     readme: '![status](https://secure.travis-ci.org/wearefractal/captchagen.png?branch=master)\n\n## Information\n\n<table>\n<tr> \n<td>Package</td><td>captchagen</td>\n</tr>\n<tr>\n<td>Description</td>\n<td>Captcha image generator</td>\n</tr>\n<tr>\n<td>Node Version</td>\n<td>>= 0.6</td>\n</tr>\n</table>\n\n![example](https://i.cloudup.com/j5gB0Piif2-3000x3000.png)\n\n## Usage\n\n```javascript\nvar captcha = require(\'captchagen\');\n\nvar cap = c.create(opt);\n\n/*\nValid options:\n\nheight, width, text, font\n*/\n\n\ncaptcha.text(); // Returns captcha text (randomly generated by default)\n\ncaptcha.height(); // Returns captcha height (150 by default)\n\ncaptcha.width(); // Returns captcha width (300 by default)\n\ncaptcha.generate(); // Draws the image to the canvas\n\n/* GENERATE BEFORE RUNNING THESE */\n\ncaptcha.uri(cb); // outputs png data-uri. works sync and async (cb is optional)\n\ncaptcha.buffer(cb); // outputs png buffer. works sync and async (cb is optional)\n\ncaptcha.buffer(type); // outputs an image stream. type can be either png or jpeg (png is the default)\n```\n\n## Middleware\n\nThe whole thing is a middleware stack. When you use .create() it uses our default settings which look like this:\n\n```javascript\ncap.use(drawBackground);\ncap.use(drawLines);\ncap.use(drawText);\ncap.use(drawLines);\n```\n\nTo add your own look at the middle folder in lib. You take a canvas in, modify it, and output it again. Simple stuff.\n\n\n## LICENSE\n\n(MIT License)\n\nCopyright (c) 2012 Fractal <contact@wearefractal.com>\n\nPermission is hereby granted, free of charge, to any person obtaining\na copy of this software and associated documentation files (the\n"Software"), to deal in the Software without restriction, including\nwithout limitation the rights to use, copy, modify, merge, publish,\ndistribute, sublicense, and/or sell copies of the Software, and to\npermit persons to whom the Software is furnished to do so, subject to\nthe following conditions:\n\nThe above copyright notice and this permission notice shall be\nincluded in all copies or substantial portions of the Software.\n\nTHE SOFTWARE IS PROVIDED "AS IS", WITHOUT WARRANTY OF ANY KIND,\nEXPRESS OR IMPLIED, INCLUDING BUT NOT LIMITED TO THE WARRANTIES OF\nMERCHANTABILITY, FITNESS FOR A PARTICULAR PURPOSE AND\nNONINFRINGEMENT. IN NO EVENT SHALL THE AUTHORS OR COPYRIGHT HOLDERS BE\nLIABLE FOR ANY CLAIM, DAMAGES OR OTHER LIABILITY, WHETHER IN AN ACTION\nOF CONTRACT, TORT OR OTHERWISE, ARISING FROM, OUT OF OR IN CONNECTION\nWITH THE SOFTWARE OR THE USE OR OTHER DEALINGS IN THE SOFTWARE.',
49 silly install resolved     readmeFilename: 'README.md',
49 silly install resolved     bugs: { url: 'https://github.com/wearefractal/captchagen/issues' },
49 silly install resolved     _id: 'captchagen@1.1.0',
49 silly install resolved     dist:
49 silly install resolved      { shasum: 'fa7c57c908e19b23d13c5852dcffe32cfefafd1e',
49 silly install resolved        tarball: 'http://registry.npmjs.org/captchagen/-/captchagen-1.1.0.tgz' },
49 silly install resolved     _from: 'captchagen@*',
49 silly install resolved     _npmVersion: '1.2.30',
49 silly install resolved     _npmUser: { name: 'fractal', email: 'contact@wearefractal.com' },
49 silly install resolved     maintainers: [ [Object] ],
49 silly install resolved     directories: {},
49 silly install resolved     _shasum: 'fa7c57c908e19b23d13c5852dcffe32cfefafd1e',
49 silly install resolved     _resolved: 'https://registry.npmjs.org/captchagen/-/captchagen-1.1.0.tgz' } ]
50 info install captchagen@1.1.0 into /home/achille/projects/cv2
51 info installOne captchagen@1.1.0
52 verbose installOne of captchagen to /home/achille/projects/cv2 not in flight; installing
53 verbose lock using /home/achille/.npm/_locks/captchagen-9bb1d32a8a697bdb.lock for /home/achille/projects/cv2/node_modules/captchagen
54 silly install write writing captchagen 1.1.0 to /home/achille/projects/cv2/node_modules/captchagen
55 silly cache addNamed cb captchagen@1.1.0
56 verbose unbuild node_modules/captchagen
57 verbose gentlyRm vacuuming /home/achille/projects/cv2/node_modules/captchagen
58 verbose tar unpack /home/achille/.npm/captchagen/1.1.0/package.tgz
59 verbose tar unpacking to /home/achille/projects/cv2/node_modules/captchagen
60 verbose gentlyRm vacuuming /home/achille/projects/cv2/node_modules/captchagen
61 silly gunzTarPerm modes [ '755', '644' ]
62 silly gunzTarPerm extractEntry package.json
63 silly gunzTarPerm extractEntry .npmignore
64 silly gunzTarPerm extractEntry README.md
65 silly gunzTarPerm extractEntry LICENSE
66 silly gunzTarPerm extractEntry index.js
67 silly gunzTarPerm extractEntry .travis.yml
68 silly gunzTarPerm extractEntry lib/Captcha.js
69 silly gunzTarPerm extractEntry lib/generateText.js
70 silly gunzTarPerm extractEntry lib/getColors.js
71 silly gunzTarPerm extractEntry lib/getFontRotation.js
72 silly gunzTarPerm extractEntry lib/getFontSize.js
73 silly gunzTarPerm extractEntry lib/randomBetween.js
74 silly gunzTarPerm extractEntry lib/middle/drawBackground.js
75 silly gunzTarPerm extractEntry lib/middle/drawLines.js
76 silly gunzTarPerm extractEntry lib/middle/drawText.js
77 silly gunzTarPerm extractEntry test/captcha.js
78 silly gunzTarPerm extractEntry test/main.js
79 info preinstall captchagen@1.1.0
80 silly prepareForInstallMany adding canvas@* from captchagen dependencies
81 silly cache add args [ 'canvas@*', null ]
82 verbose cache add spec canvas@*
83 silly cache add parsed spec { raw: 'canvas@*',
83 silly cache add   scope: null,
83 silly cache add   name: 'canvas',
83 silly cache add   rawSpec: '*',
83 silly cache add   spec: '*',
83 silly cache add   type: 'range' }
84 verbose addNamed canvas@*
85 silly addNamed semver.valid null
86 silly addNamed semver.validRange *
87 silly addNameRange { name: 'canvas', range: '*', hasData: false }
88 silly mapToRegistry name canvas
89 silly mapToRegistry using default registry
90 silly mapToRegistry registry https://registry.npmjs.org/
91 silly mapToRegistry uri https://registry.npmjs.org/canvas
92 verbose addNameRange registry:https://registry.npmjs.org/canvas not in flight; fetching
93 verbose request uri https://registry.npmjs.org/canvas
94 verbose request no auth needed
95 info attempt registry request try #1 at 17:18:08
96 http request GET https://registry.npmjs.org/canvas
97 http 200 https://registry.npmjs.org/canvas
98 silly get cb [ 200,
98 silly get   { date: 'Wed, 11 Mar 2015 16:18:09 GMT',
98 silly get     server: 'CouchDB/1.5.0 (Erlang OTP/R16B03)',
98 silly get     etag: '"B4COK96IJEQR05W3JNC3CJ3EP"',
98 silly get     'content-type': 'application/json',
98 silly get     'cache-control': 'max-age=60',
98 silly get     'content-length': '65964',
98 silly get     'accept-ranges': 'bytes',
98 silly get     via: '1.1 varnish',
98 silly get     age: '0',
98 silly get     'x-served-by': 'cache-fra1237-FRA',
98 silly get     'x-cache': 'HIT',
98 silly get     'x-cache-hits': '1',
98 silly get     'x-timer': 'S1426090689.121076,VS0,VE179',
98 silly get     vary: 'Accept',
98 silly get     'keep-alive': 'timeout=10, max=50',
98 silly get     connection: 'Keep-Alive' } ]
99 verbose get saving canvas to /home/achille/.npm/registry.npmjs.org/canvas/.cache.json
100 silly addNameRange number 2 { name: 'canvas', range: '*', hasData: true }
101 silly addNameRange versions [ 'canvas',
101 silly addNameRange   [ '0.0.1',
101 silly addNameRange     '0.0.2',
101 silly addNameRange     '0.0.3',
101 silly addNameRange     '0.0.4',
101 silly addNameRange     '0.0.5',
101 silly addNameRange     '0.0.6',
101 silly addNameRange     '0.0.7',
101 silly addNameRange     '0.0.8',
101 silly addNameRange     '0.1.0',
101 silly addNameRange     '0.2.0',
101 silly addNameRange     '0.2.1',
101 silly addNameRange     '0.3.0',
101 silly addNameRange     '0.3.1',
101 silly addNameRange     '0.3.2',
101 silly addNameRange     '0.3.3',
101 silly addNameRange     '0.4.0',
101 silly addNameRange     '0.4.1',
101 silly addNameRange     '0.4.2',
101 silly addNameRange     '0.4.3',
101 silly addNameRange     '0.5.0',
101 silly addNameRange     '0.5.1',
101 silly addNameRange     '0.5.2',
101 silly addNameRange     '0.5.3',
101 silly addNameRange     '0.5.4',
101 silly addNameRange     '0.6.0',
101 silly addNameRange     '0.7.0',
101 silly addNameRange     '0.7.1',
101 silly addNameRange     '0.7.2',
101 silly addNameRange     '0.7.3',
101 silly addNameRange     '0.8.0',
101 silly addNameRange     '0.8.1',
101 silly addNameRange     '0.8.2',
101 silly addNameRange     '0.8.3',
101 silly addNameRange     '0.9.0',
101 silly addNameRange     '0.10.0',
101 silly addNameRange     '0.10.1',
101 silly addNameRange     '0.10.2',
101 silly addNameRange     '0.10.3',
101 silly addNameRange     '0.11.0',
101 silly addNameRange     '0.11.1',
101 silly addNameRange     '0.11.2',
101 silly addNameRange     '0.11.3',
101 silly addNameRange     '0.12.0',
101 silly addNameRange     '0.12.1',
101 silly addNameRange     '0.13.0',
101 silly addNameRange     '0.13.1',
101 silly addNameRange     '1.0.0',
101 silly addNameRange     '1.0.1',
101 silly addNameRange     '1.0.2',
101 silly addNameRange     '1.0.3',
101 silly addNameRange     '1.0.4',
101 silly addNameRange     '1.1.0',
101 silly addNameRange     '1.1.1',
101 silly addNameRange     '1.1.2',
101 silly addNameRange     '1.1.3',
101 silly addNameRange     '1.1.4',
101 silly addNameRange     '1.1.5',
101 silly addNameRange     '1.1.6',
101 silly addNameRange     '1.2.0',
101 silly addNameRange     '1.2.1' ] ]
102 verbose addNamed canvas@1.2.1
103 silly addNamed semver.valid 1.2.1
104 silly addNamed semver.validRange 1.2.1
105 silly mapToRegistry name canvas
106 silly mapToRegistry using default registry
107 silly mapToRegistry registry https://registry.npmjs.org/
108 silly mapToRegistry uri https://registry.npmjs.org/canvas
109 verbose addRemoteTarball https://registry.npmjs.org/canvas/-/canvas-1.2.1.tgz not in flight; adding
110 verbose addRemoteTarball [ 'https://registry.npmjs.org/canvas/-/canvas-1.2.1.tgz',
110 verbose addRemoteTarball   '2287d31fdd17a1e8812e3088bb151b6aab39466f' ]
111 info retry fetch attempt 1 at 17:18:09
112 info attempt registry request try #1 at 17:18:09
113 http fetch GET https://registry.npmjs.org/canvas/-/canvas-1.2.1.tgz
114 http fetch 200 https://registry.npmjs.org/canvas/-/canvas-1.2.1.tgz
115 silly fetchAndShaCheck shasum 2287d31fdd17a1e8812e3088bb151b6aab39466f
116 verbose addTmpTarball /tmp/npm-2050-a63c2c21/registry.npmjs.org/canvas/-/canvas-1.2.1.tgz not in flight; adding
117 verbose addTmpTarball already have metadata; skipping unpack for canvas@1.2.1
118 silly cache afterAdd canvas@1.2.1
119 verbose afterAdd /home/achille/.npm/canvas/1.2.1/package/package.json not in flight; writing
120 verbose afterAdd /home/achille/.npm/canvas/1.2.1/package/package.json written
121 silly install resolved [ { name: 'canvas',
121 silly install resolved     description: 'Canvas graphics API backed by Cairo',
121 silly install resolved     version: '1.2.1',
121 silly install resolved     author: { name: 'TJ Holowaychuk', email: 'tj@learnboost.com' },
121 silly install resolved     contributors: [ [Object], [Object], [Object] ],
121 silly install resolved     keywords:
121 silly install resolved      [ 'canvas',
121 silly install resolved        'graphic',
121 silly install resolved        'graphics',
121 silly install resolved        'pixman',
121 silly install resolved        'cairo',
121 silly install resolved        'image',
121 silly install resolved        'images',
121 silly install resolved        'pdf' ],
121 silly install resolved     homepage: 'https://github.com/learnboost/node-canvas',
121 silly install resolved     repository: { type: 'git', url: 'git://github.com/learnboost/node-canvas' },
121 silly install resolved     scripts: { test: 'make test', install: 'node-gyp rebuild' },
121 silly install resolved     dependencies: { nan: '~1.5.1' },
121 silly install resolved     devDependencies: { express: '3.0', jade: '0.28.1', mocha: '*', should: '*' },
121 silly install resolved     engines: { node: '>= 0.6.0' },
121 silly install resolved     main: './lib/canvas.js',
121 silly install resolved     gypfile: true,
121 silly install resolved     gitHead: 'd40f649a5458f78dde04fe95a729fd55e52ce9f4',
121 silly install resolved     bugs: { url: 'https://github.com/learnboost/node-canvas/issues' },
121 silly install resolved     _id: 'canvas@1.2.1',
121 silly install resolved     _shasum: '2287d31fdd17a1e8812e3088bb151b6aab39466f',
121 silly install resolved     _from: 'canvas@*',
121 silly install resolved     _npmVersion: '2.1.11',
121 silly install resolved     _nodeVersion: '0.10.33',
121 silly install resolved     _npmUser: { name: 'kangax', email: 'kangax@gmail.com' },
121 silly install resolved     maintainers: [ [Object], [Object], [Object], [Object] ],
121 silly install resolved     dist:
121 silly install resolved      { shasum: '2287d31fdd17a1e8812e3088bb151b6aab39466f',
121 silly install resolved        tarball: 'http://registry.npmjs.org/canvas/-/canvas-1.2.1.tgz' },
121 silly install resolved     directories: {},
121 silly install resolved     _resolved: 'https://registry.npmjs.org/canvas/-/canvas-1.2.1.tgz' } ]
122 info install canvas@1.2.1 into /home/achille/projects/cv2/node_modules/captchagen
123 info installOne canvas@1.2.1
124 verbose installOne of canvas to /home/achille/projects/cv2/node_modules/captchagen not in flight; installing
125 verbose lock using /home/achille/.npm/_locks/canvas-1caf22d419cf6a5b.lock for /home/achille/projects/cv2/node_modules/captchagen/node_modules/canvas
126 silly install write writing canvas 1.2.1 to /home/achille/projects/cv2/node_modules/captchagen/node_modules/canvas
127 silly cache addNamed cb canvas@1.2.1
128 verbose unbuild node_modules/captchagen/node_modules/canvas
129 verbose gentlyRm vacuuming /home/achille/projects/cv2/node_modules/captchagen/node_modules/canvas
130 verbose tar unpack /home/achille/.npm/canvas/1.2.1/package.tgz
131 verbose tar unpacking to /home/achille/projects/cv2/node_modules/captchagen/node_modules/canvas
132 verbose gentlyRm vacuuming /home/achille/projects/cv2/node_modules/captchagen/node_modules/canvas
133 silly gunzTarPerm modes [ '755', '644' ]
134 silly gunzTarPerm extractEntry package.json
135 silly gunzTarPerm extractEntry .npmignore
136 silly gunzTarPerm extractEntry index.js
137 silly gunzTarPerm extractEntry binding.gyp
138 silly gunzTarPerm extractEntry History.md
139 silly gunzTarPerm extractEntry Makefile
140 silly gunzTarPerm extractEntry Readme.md
141 silly gunzTarPerm extractEntry .gitmodules
142 silly gunzTarPerm extractEntry .dntrc
143 silly gunzTarPerm extractEntry install
144 silly gunzTarPerm extractEntry lib/bindings.js
145 silly gunzTarPerm extractEntry lib/canvas.js
146 silly gunzTarPerm extractEntry lib/context2d.js
147 silly gunzTarPerm extractEntry lib/image.js
148 silly gunzTarPerm extractEntry lib/jpegstream.js
149 silly gunzTarPerm extractEntry lib/pixelarray.js
150 silly gunzTarPerm extractEntry lib/pngstream.js
151 silly gunzTarPerm extractEntry .travis.yml
152 silly gunzTarPerm extractEntry src/Image.h
153 silly gunzTarPerm extractEntry src/Canvas.cc
154 silly gunzTarPerm extractEntry src/CanvasGradient.cc
155 silly gunzTarPerm extractEntry src/CanvasGradient.h
156 silly gunzTarPerm extractEntry src/CanvasPattern.cc
157 silly gunzTarPerm extractEntry src/CanvasPattern.h
158 silly gunzTarPerm extractEntry src/CanvasRenderingContext2d.cc
159 silly gunzTarPerm extractEntry src/CanvasRenderingContext2d.h
160 silly gunzTarPerm extractEntry src/FontFace.cc
161 silly gunzTarPerm extractEntry src/FontFace.h
162 silly gunzTarPerm extractEntry src/Image.cc
163 silly gunzTarPerm extractEntry src/Canvas.h
164 silly gunzTarPerm extractEntry src/ImageData.cc
165 silly gunzTarPerm extractEntry src/ImageData.h
166 silly gunzTarPerm extractEntry src/JPEGStream.h
167 silly gunzTarPerm extractEntry src/PNG.h
168 silly gunzTarPerm extractEntry src/PixelArray.cc
169 silly gunzTarPerm extractEntry src/PixelArray.h
170 silly gunzTarPerm extractEntry src/Point.h
171 silly gunzTarPerm extractEntry src/closure.h
172 silly gunzTarPerm extractEntry src/color.cc
173 silly gunzTarPerm extractEntry src/color.h
174 silly gunzTarPerm extractEntry src/init.cc
175 silly gunzTarPerm extractEntry util/cairo_include.sh
176 silly gunzTarPerm extractEntry util/has_cairo_freetype.sh
177 silly gunzTarPerm extractEntry util/has_lib.sh
178 silly gunzTarPerm extractEntry util/lib_lookup.sh
179 info preinstall canvas@1.2.1
180 silly prepareForInstallMany adding nan@~1.5.1 from canvas dependencies
181 silly cache add args [ 'nan@~1.5.1', null ]
182 verbose cache add spec nan@~1.5.1
183 silly cache add parsed spec { raw: 'nan@~1.5.1',
183 silly cache add   scope: null,
183 silly cache add   name: 'nan',
183 silly cache add   rawSpec: '~1.5.1',
183 silly cache add   spec: '>=1.5.1 <1.6.0',
183 silly cache add   type: 'range' }
184 verbose addNamed nan@>=1.5.1 <1.6.0
185 silly addNamed semver.valid null
186 silly addNamed semver.validRange >=1.5.1 <1.6.0
187 silly addNameRange { name: 'nan', range: '>=1.5.1 <1.6.0', hasData: false }
188 silly mapToRegistry name nan
189 silly mapToRegistry using default registry
190 silly mapToRegistry registry https://registry.npmjs.org/
191 silly mapToRegistry uri https://registry.npmjs.org/nan
192 verbose addNameRange registry:https://registry.npmjs.org/nan not in flight; fetching
193 verbose request uri https://registry.npmjs.org/nan
194 verbose request no auth needed
195 info attempt registry request try #1 at 17:18:10
196 verbose etag "12EHA1PNRCCAOAQY0AIBQ9ET9"
197 http request GET https://registry.npmjs.org/nan
198 http 304 https://registry.npmjs.org/nan
199 silly get cb [ 304,
199 silly get   { date: 'Wed, 11 Mar 2015 16:18:10 GMT',
199 silly get     server: 'Apache',
199 silly get     via: '1.1 varnish',
199 silly get     'last-modified': 'Wed, 11 Mar 2015 16:18:10 GMT',
199 silly get     'cache-control': 'max-age=60',
199 silly get     etag: '"12EHA1PNRCCAOAQY0AIBQ9ET9"',
199 silly get     age: '5',
199 silly get     'x-served-by': 'cache-fra1237-FRA',
199 silly get     'x-cache': 'HIT',
199 silly get     'x-cache-hits': '1',
199 silly get     'x-timer': 'S1426090690.346107,VS0,VE0',
199 silly get     vary: 'Accept',
199 silly get     'content-length': '0',
199 silly get     'keep-alive': 'timeout=10, max=50',
199 silly get     connection: 'Keep-Alive' } ]
200 verbose etag https://registry.npmjs.org/nan from cache
201 verbose get saving nan to /home/achille/.npm/registry.npmjs.org/nan/.cache.json
202 silly addNameRange number 2 { name: 'nan', range: '>=1.5.1 <1.6.0', hasData: true }
203 silly addNameRange versions [ 'nan',
203 silly addNameRange   [ '0.3.0-wip',
203 silly addNameRange     '0.3.0-wip2',
203 silly addNameRange     '0.3.0',
203 silly addNameRange     '0.3.1',
203 silly addNameRange     '0.3.2',
203 silly addNameRange     '0.4.0',
203 silly addNameRange     '0.4.1',
203 silly addNameRange     '0.4.2',
203 silly addNameRange     '0.4.3',
203 silly addNameRange     '0.4.4',
203 silly addNameRange     '0.5.0',
203 silly addNameRange     '0.5.1',
203 silly addNameRange     '0.5.2',
203 silly addNameRange     '0.6.0',
203 silly addNameRange     '0.7.0',
203 silly addNameRange     '0.7.1',
203 silly addNameRange     '0.8.0',
203 silly addNameRange     '1.0.0',
203 silly addNameRange     '1.1.0',
203 silly addNameRange     '1.1.1',
203 silly addNameRange     '1.1.2',
203 silly addNameRange     '1.2.0',
203 silly addNameRange     '1.3.0',
203 silly addNameRange     '1.4.0',
203 silly addNameRange     '1.4.1',
203 silly addNameRange     '1.5.0',
203 silly addNameRange     '1.4.2',
203 silly addNameRange     '1.4.3',
203 silly addNameRange     '1.5.1',
203 silly addNameRange     '1.5.2',
203 silly addNameRange     '1.6.0',
203 silly addNameRange     '1.5.3',
203 silly addNameRange     '1.6.1',
203 silly addNameRange     '1.6.2',
203 silly addNameRange     '1.7.0' ] ]
204 verbose addNamed nan@1.5.3
205 silly addNamed semver.valid 1.5.3
206 silly addNamed semver.validRange 1.5.3
207 silly cache afterAdd nan@1.5.3
208 verbose afterAdd /home/achille/.npm/nan/1.5.3/package/package.json not in flight; writing
209 verbose afterAdd /home/achille/.npm/nan/1.5.3/package/package.json written
210 silly install resolved [ { name: 'nan',
210 silly install resolved     version: '1.5.3',
210 silly install resolved     description: 'Native Abstractions for Node.js: C++ header for Node 0.8->0.12 compatibility',
210 silly install resolved     main: 'include_dirs.js',
210 silly install resolved     repository: { type: 'git', url: 'git://github.com/rvagg/nan.git' },
210 silly install resolved     scripts:
210 silly install resolved      { test: 'tap --gc test/js/*-test.js',
210 silly install resolved        'rebuild-tests': 'node-gyp rebuild --directory test' },
210 silly install resolved     contributors:
210 silly install resolved      [ [Object],
210 silly install resolved        [Object],
210 silly install resolved        [Object],
210 silly install resolved        [Object],
210 silly install resolved        [Object],
210 silly install resolved        [Object],
210 silly install resolved        [Object] ],
210 silly install resolved     devDependencies:
210 silly install resolved      { bindings: '~1.2.1',
210 silly install resolved        'node-gyp': '~1.0.2',
210 silly install resolved        tap: '~0.5.0',
210 silly install resolved        xtend: '~4.0.0' },
210 silly install resolved     license: 'MIT',
210 silly install resolved     gitHead: '28ea7e1b769f790c69deaf141b47e4d41e176e8b',
210 silly install resolved     bugs: { url: 'https://github.com/rvagg/nan/issues' },
210 silly install resolved     homepage: 'https://github.com/rvagg/nan',
210 silly install resolved     _id: 'nan@1.5.3',
210 silly install resolved     _shasum: '4cd0ecc133b7b0700a492a646add427ae8a318eb',
210 silly install resolved     _from: 'nan@>=1.5.1 <1.6.0',
210 silly install resolved     _npmVersion: '2.1.18',
210 silly install resolved     _nodeVersion: '1.0.3',
210 silly install resolved     _npmUser: { name: 'rvagg', email: 'rod@vagg.org' },
210 silly install resolved     maintainers: [ [Object], [Object] ],
210 silly install resolved     dist:
210 silly install resolved      { shasum: '4cd0ecc133b7b0700a492a646add427ae8a318eb',
210 silly install resolved        tarball: 'http://registry.npmjs.org/nan/-/nan-1.5.3.tgz' },
210 silly install resolved     directories: {},
210 silly install resolved     _resolved: 'https://registry.npmjs.org/nan/-/nan-1.5.3.tgz',
210 silly install resolved     readme: 'ERROR: No README data found!' } ]
211 info install nan@1.5.3 into /home/achille/projects/cv2/node_modules/captchagen/node_modules/canvas
212 info installOne nan@1.5.3
213 verbose installOne of nan to /home/achille/projects/cv2/node_modules/captchagen/node_modules/canvas not in flight; installing
214 verbose lock using /home/achille/.npm/_locks/nan-3f7aea2f8e06c4de.lock for /home/achille/projects/cv2/node_modules/captchagen/node_modules/canvas/node_modules/nan
215 silly install write writing nan 1.5.3 to /home/achille/projects/cv2/node_modules/captchagen/node_modules/canvas/node_modules/nan
216 silly cache addNamed cb nan@1.5.3
217 verbose unbuild node_modules/captchagen/node_modules/canvas/node_modules/nan
218 verbose gentlyRm vacuuming /home/achille/projects/cv2/node_modules/captchagen/node_modules/canvas/node_modules/nan
219 verbose tar unpack /home/achille/.npm/nan/1.5.3/package.tgz
220 verbose tar unpacking to /home/achille/projects/cv2/node_modules/captchagen/node_modules/canvas/node_modules/nan
221 verbose gentlyRm vacuuming /home/achille/projects/cv2/node_modules/captchagen/node_modules/canvas/node_modules/nan
222 silly gunzTarPerm modes [ '755', '644' ]
223 silly gunzTarPerm extractEntry package.json
224 silly gunzTarPerm modified mode [ 'package.json', 436, 420 ]
225 silly gunzTarPerm extractEntry README.md
226 silly gunzTarPerm modified mode [ 'README.md', 436, 420 ]
227 silly gunzTarPerm extractEntry include_dirs.js
228 silly gunzTarPerm extractEntry LICENSE.md
229 silly gunzTarPerm modified mode [ 'LICENSE.md', 436, 420 ]
230 silly gunzTarPerm extractEntry .dntrc
231 silly gunzTarPerm modified mode [ '.dntrc', 436, 420 ]
232 silly gunzTarPerm extractEntry appveyor.yml
233 silly gunzTarPerm modified mode [ 'appveyor.yml', 436, 420 ]
234 silly gunzTarPerm extractEntry nan.h
235 silly gunzTarPerm modified mode [ 'nan.h', 436, 420 ]
236 silly gunzTarPerm extractEntry nan_implementation_12_inl.h
237 silly gunzTarPerm modified mode [ 'nan_implementation_12_inl.h', 436, 420 ]
238 silly gunzTarPerm extractEntry nan_implementation_pre_12_inl.h
239 silly gunzTarPerm modified mode [ 'nan_implementation_pre_12_inl.h', 436, 420 ]
240 silly gunzTarPerm extractEntry nan_new.h
241 silly gunzTarPerm modified mode [ 'nan_new.h', 436, 420 ]
242 silly gunzTarPerm extractEntry CHANGELOG.md
243 silly gunzTarPerm modified mode [ 'CHANGELOG.md', 436, 420 ]
244 info preinstall nan@1.5.3
245 silly install resolved []
246 verbose about to build /home/achille/projects/cv2/node_modules/captchagen/node_modules/canvas/node_modules/nan
247 info build /home/achille/projects/cv2/node_modules/captchagen/node_modules/canvas/node_modules/nan
248 verbose linkStuff [ false,
248 verbose linkStuff   false,
248 verbose linkStuff   false,
248 verbose linkStuff   '/home/achille/projects/cv2/node_modules/captchagen/node_modules/canvas/node_modules' ]
249 info linkStuff nan@1.5.3
250 verbose linkBins nan@1.5.3
251 verbose linkMans nan@1.5.3
252 verbose rebuildBundles nan@1.5.3
253 info install nan@1.5.3
254 info postinstall nan@1.5.3
255 verbose unlock done using /home/achille/.npm/_locks/nan-3f7aea2f8e06c4de.lock for /home/achille/projects/cv2/node_modules/captchagen/node_modules/canvas/node_modules/nan
256 verbose about to build /home/achille/projects/cv2/node_modules/captchagen/node_modules/canvas
257 info build /home/achille/projects/cv2/node_modules/captchagen/node_modules/canvas
258 verbose linkStuff [ false,
258 verbose linkStuff   false,
258 verbose linkStuff   false,
258 verbose linkStuff   '/home/achille/projects/cv2/node_modules/captchagen/node_modules' ]
259 info linkStuff canvas@1.2.1
260 verbose linkBins canvas@1.2.1
261 verbose linkMans canvas@1.2.1
262 verbose rebuildBundles canvas@1.2.1
263 verbose rebuildBundles [ 'nan' ]
264 info install canvas@1.2.1
265 verbose unsafe-perm in lifecycle true
266 info canvas@1.2.1 Failed to exec install script
267 verbose unlock done using /home/achille/.npm/_locks/canvas-1caf22d419cf6a5b.lock for /home/achille/projects/cv2/node_modules/captchagen/node_modules/canvas
268 verbose about to build /home/achille/projects/cv2/node_modules/captchagen
269 verbose unlock done using /home/achille/.npm/_locks/captchagen-9bb1d32a8a697bdb.lock for /home/achille/projects/cv2/node_modules/captchagen
270 verbose stack Error: canvas@1.2.1 install: `node-gyp rebuild`
270 verbose stack Exit status 1
270 verbose stack     at EventEmitter.<anonymous> (/usr/lib/node_modules/npm/lib/utils/lifecycle.js:213:16)
270 verbose stack     at EventEmitter.emit (events.js:110:17)
270 verbose stack     at ChildProcess.<anonymous> (/usr/lib/node_modules/npm/lib/utils/spawn.js:14:12)
270 verbose stack     at ChildProcess.emit (events.js:110:17)
270 verbose stack     at maybeClose (child_process.js:1008:16)
270 verbose stack     at Process.ChildProcess._handle.onexit (child_process.js:1080:5)
271 verbose pkgid canvas@1.2.1
272 verbose cwd /home/achille/projects/cv2
273 error Linux 3.19.0-1-MANJARO
274 error argv "/usr/bin/node" "/usr/bin/npm" "install" "captchagen"
275 error node v0.12.0
276 error npm  v2.6.0
277 error code ELIFECYCLE
278 error canvas@1.2.1 install: `node-gyp rebuild`
278 error Exit status 1
279 error Failed at the canvas@1.2.1 install script 'node-gyp rebuild'.
279 error This is most likely a problem with the canvas package,
279 error not with npm itself.
279 error Tell the author that this fails on your system:
279 error     node-gyp rebuild
279 error You can get their info via:
279 error     npm owner ls canvas
279 error There is likely additional logging output above.
280 verbose exit [ 1, true ]
281 verbose unbuild node_modules/captchagen/node_modules/canvas
282 info preuninstall canvas@1.2.1
283 info uninstall canvas@1.2.1
284 verbose unbuild rmStuff canvas@1.2.1 from /home/achille/projects/cv2/node_modules
285 verbose unbuild rmStuff in /home/achille/projects/cv2/node_modules/captchagen/node_modules
286 info postuninstall canvas@1.2.1
287 verbose gentlyRm vacuuming /home/achille/projects/cv2/node_modules/captchagen/node_modules/canvas
288 silly gentlyRm purging /home/achille/projects/cv2/node_modules/captchagen/node_modules/canvas
289 silly gentlyRm removing /home/achille/projects/cv2/node_modules/captchagen/node_modules
290 silly gentlyRm quitting because other entries in /home/achille/projects/cv2/node_modules/captchagen
291 verbose unbuild node_modules/captchagen
292 info preuninstall captchagen@1.1.0
293 info uninstall captchagen@1.1.0
294 verbose unbuild rmStuff captchagen@1.1.0 from /home/achille/projects/cv2/node_modules
295 info postuninstall captchagen@1.1.0
296 verbose gentlyRm vacuuming /home/achille/projects/cv2/node_modules/captchagen
297 silly gentlyRm purging /home/achille/projects/cv2/node_modules/captchagen
298 silly gentlyRm quitting because other entries in /home/achille/projects/cv2/node_modules
